<?xml version="1.0" encoding="UTF-8"?>
<testng-results ignored="0" total="1" passed="1" failed="0" skipped="0">
  <reporter-output>
  </reporter-output>
  <suite started-at="2025-11-13T22:16:04 IST" name="Suite1" finished-at="2025-11-13T22:16:23 IST" duration-ms="19214">
    <groups>
    </groups>
    <test started-at="2025-11-13T22:16:04 IST" name="TestElement" finished-at="2025-11-13T22:16:23 IST" duration-ms="19214">
      <class name="Testing_Pages.Elements_Tab">
        <test-method is-config="true" signature="setupDriver()[pri:0, instance:Testing_Pages.Elements_Tab@44c03695]" started-at="2025-11-13T22:16:04 IST" name="setupDriver" finished-at="2025-11-13T22:16:09 IST" duration-ms="5724" status="PASS">
          <reporter-output>
          </reporter-output>
        </test-method> <!-- setupDriver -->
        <test-method is-config="true" signature="navigateToElementsPage()[pri:0, instance:Testing_Pages.Elements_Tab@44c03695]" started-at="2025-11-13T22:16:10 IST" name="navigateToElementsPage" finished-at="2025-11-13T22:16:17 IST" duration-ms="7598" status="PASS">
          <reporter-output>
          </reporter-output>
        </test-method> <!-- navigateToElementsPage -->
        <test-method signature="validateCheckbox()[pri:0, instance:Testing_Pages.Elements_Tab@44c03695]" started-at="2025-11-13T22:16:17 IST" name="validateCheckbox" finished-at="2025-11-13T22:16:21 IST" duration-ms="4176" status="PASS">
          <reporter-output>
          </reporter-output>
        </test-method> <!-- validateCheckbox -->
        <test-method is-config="true" signature="teardownDriver()[pri:0, instance:Testing_Pages.Elements_Tab@44c03695]" started-at="2025-11-13T22:16:21 IST" name="teardownDriver" finished-at="2025-11-13T22:16:23 IST" duration-ms="1510" status="PASS">
          <reporter-output>
          </reporter-output>
        </test-method> <!-- teardownDriver -->
      </class> <!-- Testing_Pages.Elements_Tab -->
    </test> <!-- TestElement -->
  </suite> <!-- Suite1 -->
</testng-results>
